Using pre-set license
Built from '2020.3/staging' branch; Version is '2020.3.17f1 (a4537701e4ab) revision 10769271'; Using compiler version '192528614'; Build Type 'Release'
OS: 'Windows 10 Home Single Language; OS build 19043.1237; Version 2009; 64bit' Language: 'pt' Physical Memory: 4009 MB
BatchMode: 1, IsHumanControllingUs: 0, StartBugReporterOnCrash: 0, Is64bit: 1, IsPro: 0

COMMAND LINE ARGUMENTS:
C:\Program Files\Unity\Hub\Editor\2020.3.17f1\Editor\Unity.exe
-adb2
-batchMode
-noUpm
-name
AssetImportWorker0
-projectPath
C:/Users/55119/Documents/programacao/unity/3D_Begginer/New Unity Project
-logFile
Logs/AssetImportWorker0.log
-srvPort
58642
Successfully changed project path to: C:/Users/55119/Documents/programacao/unity/3D_Begginer/New Unity Project
C:/Users/55119/Documents/programacao/unity/3D_Begginer/New Unity Project
Using Asset Import Pipeline V2.
